2016-12-19 09:05:56,087 [Worker-6] WARN  o.e.m.c.internal.embedder.MavenImpl - Failed to decrypt password for server taspo-releases: org.sonatype.plexus.components.sec.dispatcher.SecDispatcherException: java.io.FileNotFoundException: C:\Users\BBGIHV7\.m2\settings-security.xml (The system cannot find the file specified)
org.sonatype.plexus.components.sec.dispatcher.SecDispatcherException: org.sonatype.plexus.components.sec.dispatcher.SecDispatcherException: java.io.FileNotFoundException: C:\Users\BBGIHV7\.m2\settings-security.xml (The system cannot find the file specified)
	at org.sonatype.plexus.components.sec.dispatcher.DefaultSecDispatcher.decrypt(DefaultSecDispatcher.java:121) ~[plexus-sec-dispatcher-1.3.jar:na]
	at org.apache.maven.settings.crypto.DefaultSettingsDecrypter.decrypt(DefaultSettingsDecrypter.java:107) ~[maven-settings-builder-3.3.9.jar:3.3.9]
	at org.apache.maven.settings.crypto.DefaultSettingsDecrypter.decrypt(DefaultSettingsDecrypter.java:63) ~[maven-settings-builder-3.3.9.jar:3.3.9]
	at org.eclipse.m2e.core.internal.embedder.MavenImpl.decryptPassword(MavenImpl.java:547) ~[org.eclipse.m2e.core_1.7.0.20160603-1933.jar:na]
	at org.eclipse.m2e.core.internal.repository.RepositoryRegistry.getAuthenticationInfo(RepositoryRegistry.java:214) [org.eclipse.m2e.core_1.7.0.20160603-1933.jar:na]
	at org.eclipse.m2e.core.internal.repository.RepositoryRegistry.updateRegistry(RepositoryRegistry.java:258) [org.eclipse.m2e.core_1.7.0.20160603-1933.jar:na]
	at org.eclipse.m2e.core.internal.repository.RepositoryRegistryUpdateJob.run(RepositoryRegistryUpdateJob.java:47) [org.eclipse.m2e.core_1.7.0.20160603-1933.jar:na]
	at org.eclipse.core.internal.jobs.Worker.run(Worker.java:55) [org.eclipse.core.jobs_3.8.0.v20160509-0411.jar:na]
Caused by: org.sonatype.plexus.components.sec.dispatcher.SecDispatcherException: java.io.FileNotFoundException: C:\Users\BBGIHV7\.m2\settings-security.xml (The system cannot find the file specified)
	at org.sonatype.plexus.components.sec.dispatcher.SecUtil.read(SecUtil.java:69) ~[plexus-sec-dispatcher-1.3.jar:na]
	at org.sonatype.plexus.components.sec.dispatcher.DefaultSecDispatcher.getSec(DefaultSecDispatcher.java:206) ~[plexus-sec-dispatcher-1.3.jar:na]
	at org.sonatype.plexus.components.sec.dispatcher.DefaultSecDispatcher.decrypt(DefaultSecDispatcher.java:90) ~[plexus-sec-dispatcher-1.3.jar:na]
	... 7 common frames omitted
Caused by: java.io.FileNotFoundException: C:\Users\BBGIHV7\.m2\settings-security.xml (The system cannot find the file specified)
	at java.io.FileInputStream.open0(Native Method) ~[na:1.8.0_101]
	at java.io.FileInputStream.open(Unknown Source) ~[na:1.8.0_101]
	at java.io.FileInputStream.<init>(Unknown Source) ~[na:1.8.0_101]
	at org.sonatype.plexus.components.sec.dispatcher.SecUtil.toStream(SecUtil.java:100) ~[plexus-sec-dispatcher-1.3.jar:na]
	at org.sonatype.plexus.components.sec.dispatcher.SecUtil.read(SecUtil.java:56) ~[plexus-sec-dispatcher-1.3.jar:na]
	... 9 common frames omitted
2016-12-19 09:05:56,096 [Worker-6] WARN  o.e.m.c.internal.embedder.MavenImpl - Failed to decrypt password for server taspo-snapshots: org.sonatype.plexus.components.sec.dispatcher.SecDispatcherException: java.io.FileNotFoundException: C:\Users\BBGIHV7\.m2\settings-security.xml (The system cannot find the file specified)
org.sonatype.plexus.components.sec.dispatcher.SecDispatcherException: org.sonatype.plexus.components.sec.dispatcher.SecDispatcherException: java.io.FileNotFoundException: C:\Users\BBGIHV7\.m2\settings-security.xml (The system cannot find the file specified)
	at org.sonatype.plexus.components.sec.dispatcher.DefaultSecDispatcher.decrypt(DefaultSecDispatcher.java:121) ~[plexus-sec-dispatcher-1.3.jar:na]
	at org.apache.maven.settings.crypto.DefaultSettingsDecrypter.decrypt(DefaultSettingsDecrypter.java:107) ~[maven-settings-builder-3.3.9.jar:3.3.9]
	at org.apache.maven.settings.crypto.DefaultSettingsDecrypter.decrypt(DefaultSettingsDecrypter.java:63) ~[maven-settings-builder-3.3.9.jar:3.3.9]
	at org.eclipse.m2e.core.internal.embedder.MavenImpl.decryptPassword(MavenImpl.java:547) ~[org.eclipse.m2e.core_1.7.0.20160603-1933.jar:na]
	at org.eclipse.m2e.core.internal.repository.RepositoryRegistry.getAuthenticationInfo(RepositoryRegistry.java:214) [org.eclipse.m2e.core_1.7.0.20160603-1933.jar:na]
	at org.eclipse.m2e.core.internal.repository.RepositoryRegistry.updateRegistry(RepositoryRegistry.java:258) [org.eclipse.m2e.core_1.7.0.20160603-1933.jar:na]
	at org.eclipse.m2e.core.internal.repository.RepositoryRegistryUpdateJob.run(RepositoryRegistryUpdateJob.java:47) [org.eclipse.m2e.core_1.7.0.20160603-1933.jar:na]
	at org.eclipse.core.internal.jobs.Worker.run(Worker.java:55) [org.eclipse.core.jobs_3.8.0.v20160509-0411.jar:na]
Caused by: org.sonatype.plexus.components.sec.dispatcher.SecDispatcherException: java.io.FileNotFoundException: C:\Users\BBGIHV7\.m2\settings-security.xml (The system cannot find the file specified)
	at org.sonatype.plexus.components.sec.dispatcher.SecUtil.read(SecUtil.java:69) ~[plexus-sec-dispatcher-1.3.jar:na]
	at org.sonatype.plexus.components.sec.dispatcher.DefaultSecDispatcher.getSec(DefaultSecDispatcher.java:206) ~[plexus-sec-dispatcher-1.3.jar:na]
	at org.sonatype.plexus.components.sec.dispatcher.DefaultSecDispatcher.decrypt(DefaultSecDispatcher.java:90) ~[plexus-sec-dispatcher-1.3.jar:na]
	... 7 common frames omitted
Caused by: java.io.FileNotFoundException: C:\Users\BBGIHV7\.m2\settings-security.xml (The system cannot find the file specified)
	at java.io.FileInputStream.open0(Native Method) ~[na:1.8.0_101]
	at java.io.FileInputStream.open(Unknown Source) ~[na:1.8.0_101]
	at java.io.FileInputStream.<init>(Unknown Source) ~[na:1.8.0_101]
	at org.sonatype.plexus.components.sec.dispatcher.SecUtil.toStream(SecUtil.java:100) ~[plexus-sec-dispatcher-1.3.jar:na]
	at org.sonatype.plexus.components.sec.dispatcher.SecUtil.read(SecUtil.java:56) ~[plexus-sec-dispatcher-1.3.jar:na]
	... 9 common frames omitted
2016-12-19 09:09:02,759 [Worker-4] INFO  o.e.m.c.i.l.LifecycleMappingFactory - Using org.eclipse.m2e.jdt.JarLifecycleMapping lifecycle mapping for MavenProject: com.example:demo:0.0.1-SNAPSHOT @ C:\git-repos\SpringBoot\demo\pom.xml.
2016-12-19 09:09:05,099 [Worker-4] INFO  o.e.m.j.i.AbstractJavaProjectConfigurator - Adding source folder /demo/src/main/java
2016-12-19 09:09:05,100 [Worker-4] INFO  o.e.m.j.i.AbstractJavaProjectConfigurator - Adding resource folder /demo/src/main/resources
2016-12-19 09:09:05,120 [Worker-4] INFO  o.e.m.j.i.AbstractJavaProjectConfigurator - Adding resource folder /demo/src/main/resources
2016-12-19 09:09:05,150 [Worker-4] INFO  o.e.m.j.i.AbstractJavaProjectConfigurator - Adding source folder /demo/src/test/java
2016-12-19 09:09:06,159 [Worker-4] INFO  o.e.m.c.i.p.ProjectConfigurationManager - Imported and configured 1 project(s) in 5 sec
2016-12-19 09:09:06,165 [Worker-4] INFO  o.e.m.c.i.p.ProjectConfigurationManager - Update started
2016-12-19 09:09:07,229 [Worker-4] INFO  o.e.m.c.i.l.LifecycleMappingFactory - Using org.eclipse.m2e.jdt.JarLifecycleMapping lifecycle mapping for MavenProject: com.example:demo:0.0.1-SNAPSHOT @ C:\git-repos\SpringBoot\demo\pom.xml.
2016-12-19 09:09:08,627 [Worker-4] INFO  o.e.m.j.i.AbstractJavaProjectConfigurator - Adding source folder /demo/src/main/java
2016-12-19 09:09:08,627 [Worker-4] INFO  o.e.m.j.i.AbstractJavaProjectConfigurator - Adding resource folder /demo/src/main/resources
2016-12-19 09:09:08,629 [Worker-4] INFO  o.e.m.j.i.AbstractJavaProjectConfigurator - Adding resource folder /demo/src/main/resources
2016-12-19 09:09:08,634 [Worker-4] INFO  o.e.m.j.i.AbstractJavaProjectConfigurator - Adding source folder /demo/src/test/java
2016-12-19 09:09:09,274 [Worker-4] INFO  o.e.m.c.i.p.ProjectConfigurationManager - Update completed: 3 sec
2016-12-19 09:09:12,305 [Worker-19] INFO  o.e.m.c.i.embedder.EclipseLogger - Using 'UTF-8' encoding to copy filtered resources.
2016-12-19 09:09:12,310 [Worker-19] INFO  o.e.m.c.i.embedder.EclipseLogger - Copying 1 resource
2016-12-19 09:09:12,324 [Worker-19] INFO  o.e.m.c.i.embedder.EclipseLogger - Copying 0 resource
2016-12-19 09:09:12,328 [Worker-19] INFO  o.e.m.c.i.embedder.EclipseLogger - Using 'UTF-8' encoding to copy filtered resources.
2016-12-19 09:09:12,328 [Worker-19] INFO  o.e.m.c.i.embedder.EclipseLogger - skip non existing resourceDirectory C:\git-repos\SpringBoot\demo\src\test\resources
2017-01-03 12:47:12,411 [Worker-8] WARN  o.e.m.c.internal.embedder.MavenImpl - Failed to decrypt password for server taspo-releases: org.sonatype.plexus.components.sec.dispatcher.SecDispatcherException: java.io.FileNotFoundException: C:\Users\BBGIHV7\.m2\settings-security.xml (The system cannot find the file specified)
org.sonatype.plexus.components.sec.dispatcher.SecDispatcherException: org.sonatype.plexus.components.sec.dispatcher.SecDispatcherException: java.io.FileNotFoundException: C:\Users\BBGIHV7\.m2\settings-security.xml (The system cannot find the file specified)
	at org.sonatype.plexus.components.sec.dispatcher.DefaultSecDispatcher.decrypt(DefaultSecDispatcher.java:121) ~[plexus-sec-dispatcher-1.3.jar:na]
	at org.apache.maven.settings.crypto.DefaultSettingsDecrypter.decrypt(DefaultSettingsDecrypter.java:107) ~[maven-settings-builder-3.3.9.jar:3.3.9]
	at org.apache.maven.settings.crypto.DefaultSettingsDecrypter.decrypt(DefaultSettingsDecrypter.java:63) ~[maven-settings-builder-3.3.9.jar:3.3.9]
	at org.eclipse.m2e.core.internal.embedder.MavenImpl.decryptPassword(MavenImpl.java:547) ~[org.eclipse.m2e.core_1.7.0.20160603-1933.jar:na]
	at org.eclipse.m2e.core.internal.repository.RepositoryRegistry.getAuthenticationInfo(RepositoryRegistry.java:214) [org.eclipse.m2e.core_1.7.0.20160603-1933.jar:na]
	at org.eclipse.m2e.core.internal.repository.RepositoryRegistry.updateRegistry(RepositoryRegistry.java:258) [org.eclipse.m2e.core_1.7.0.20160603-1933.jar:na]
	at org.eclipse.m2e.core.internal.repository.RepositoryRegistryUpdateJob.run(RepositoryRegistryUpdateJob.java:47) [org.eclipse.m2e.core_1.7.0.20160603-1933.jar:na]
	at org.eclipse.core.internal.jobs.Worker.run(Worker.java:55) [org.eclipse.core.jobs_3.8.0.v20160509-0411.jar:na]
Caused by: org.sonatype.plexus.components.sec.dispatcher.SecDispatcherException: java.io.FileNotFoundException: C:\Users\BBGIHV7\.m2\settings-security.xml (The system cannot find the file specified)
	at org.sonatype.plexus.components.sec.dispatcher.SecUtil.read(SecUtil.java:69) ~[plexus-sec-dispatcher-1.3.jar:na]
	at org.sonatype.plexus.components.sec.dispatcher.DefaultSecDispatcher.getSec(DefaultSecDispatcher.java:206) ~[plexus-sec-dispatcher-1.3.jar:na]
	at org.sonatype.plexus.components.sec.dispatcher.DefaultSecDispatcher.decrypt(DefaultSecDispatcher.java:90) ~[plexus-sec-dispatcher-1.3.jar:na]
	... 7 common frames omitted
Caused by: java.io.FileNotFoundException: C:\Users\BBGIHV7\.m2\settings-security.xml (The system cannot find the file specified)
	at java.io.FileInputStream.open0(Native Method) ~[na:1.8.0_101]
	at java.io.FileInputStream.open(Unknown Source) ~[na:1.8.0_101]
	at java.io.FileInputStream.<init>(Unknown Source) ~[na:1.8.0_101]
	at org.sonatype.plexus.components.sec.dispatcher.SecUtil.toStream(SecUtil.java:100) ~[plexus-sec-dispatcher-1.3.jar:na]
	at org.sonatype.plexus.components.sec.dispatcher.SecUtil.read(SecUtil.java:56) ~[plexus-sec-dispatcher-1.3.jar:na]
	... 9 common frames omitted
2017-01-03 12:47:12,669 [Worker-8] WARN  o.e.m.c.internal.embedder.MavenImpl - Failed to decrypt password for server taspo-snapshots: org.sonatype.plexus.components.sec.dispatcher.SecDispatcherException: java.io.FileNotFoundException: C:\Users\BBGIHV7\.m2\settings-security.xml (The system cannot find the file specified)
org.sonatype.plexus.components.sec.dispatcher.SecDispatcherException: org.sonatype.plexus.components.sec.dispatcher.SecDispatcherException: java.io.FileNotFoundException: C:\Users\BBGIHV7\.m2\settings-security.xml (The system cannot find the file specified)
	at org.sonatype.plexus.components.sec.dispatcher.DefaultSecDispatcher.decrypt(DefaultSecDispatcher.java:121) ~[plexus-sec-dispatcher-1.3.jar:na]
	at org.apache.maven.settings.crypto.DefaultSettingsDecrypter.decrypt(DefaultSettingsDecrypter.java:107) ~[maven-settings-builder-3.3.9.jar:3.3.9]
	at org.apache.maven.settings.crypto.DefaultSettingsDecrypter.decrypt(DefaultSettingsDecrypter.java:63) ~[maven-settings-builder-3.3.9.jar:3.3.9]
	at org.eclipse.m2e.core.internal.embedder.MavenImpl.decryptPassword(MavenImpl.java:547) ~[org.eclipse.m2e.core_1.7.0.20160603-1933.jar:na]
	at org.eclipse.m2e.core.internal.repository.RepositoryRegistry.getAuthenticationInfo(RepositoryRegistry.java:214) [org.eclipse.m2e.core_1.7.0.20160603-1933.jar:na]
	at org.eclipse.m2e.core.internal.repository.RepositoryRegistry.updateRegistry(RepositoryRegistry.java:258) [org.eclipse.m2e.core_1.7.0.20160603-1933.jar:na]
	at org.eclipse.m2e.core.internal.repository.RepositoryRegistryUpdateJob.run(RepositoryRegistryUpdateJob.java:47) [org.eclipse.m2e.core_1.7.0.20160603-1933.jar:na]
	at org.eclipse.core.internal.jobs.Worker.run(Worker.java:55) [org.eclipse.core.jobs_3.8.0.v20160509-0411.jar:na]
Caused by: org.sonatype.plexus.components.sec.dispatcher.SecDispatcherException: java.io.FileNotFoundException: C:\Users\BBGIHV7\.m2\settings-security.xml (The system cannot find the file specified)
	at org.sonatype.plexus.components.sec.dispatcher.SecUtil.read(SecUtil.java:69) ~[plexus-sec-dispatcher-1.3.jar:na]
	at org.sonatype.plexus.components.sec.dispatcher.DefaultSecDispatcher.getSec(DefaultSecDispatcher.java:206) ~[plexus-sec-dispatcher-1.3.jar:na]
	at org.sonatype.plexus.components.sec.dispatcher.DefaultSecDispatcher.decrypt(DefaultSecDispatcher.java:90) ~[plexus-sec-dispatcher-1.3.jar:na]
	... 7 common frames omitted
Caused by: java.io.FileNotFoundException: C:\Users\BBGIHV7\.m2\settings-security.xml (The system cannot find the file specified)
	at java.io.FileInputStream.open0(Native Method) ~[na:1.8.0_101]
	at java.io.FileInputStream.open(Unknown Source) ~[na:1.8.0_101]
	at java.io.FileInputStream.<init>(Unknown Source) ~[na:1.8.0_101]
	at org.sonatype.plexus.components.sec.dispatcher.SecUtil.toStream(SecUtil.java:100) ~[plexus-sec-dispatcher-1.3.jar:na]
	at org.sonatype.plexus.components.sec.dispatcher.SecUtil.read(SecUtil.java:56) ~[plexus-sec-dispatcher-1.3.jar:na]
	... 9 common frames omitted
2017-01-09 08:15:27,500 [Worker-8] WARN  o.e.m.c.internal.embedder.MavenImpl - Failed to decrypt password for server taspo-releases: org.sonatype.plexus.components.sec.dispatcher.SecDispatcherException: java.io.FileNotFoundException: C:\Users\BBGIHV7\.m2\settings-security.xml (The system cannot find the file specified)
org.sonatype.plexus.components.sec.dispatcher.SecDispatcherException: org.sonatype.plexus.components.sec.dispatcher.SecDispatcherException: java.io.FileNotFoundException: C:\Users\BBGIHV7\.m2\settings-security.xml (The system cannot find the file specified)
	at org.sonatype.plexus.components.sec.dispatcher.DefaultSecDispatcher.decrypt(DefaultSecDispatcher.java:121) ~[plexus-sec-dispatcher-1.3.jar:na]
	at org.apache.maven.settings.crypto.DefaultSettingsDecrypter.decrypt(DefaultSettingsDecrypter.java:107) ~[maven-settings-builder-3.3.9.jar:3.3.9]
	at org.apache.maven.settings.crypto.DefaultSettingsDecrypter.decrypt(DefaultSettingsDecrypter.java:63) ~[maven-settings-builder-3.3.9.jar:3.3.9]
	at org.eclipse.m2e.core.internal.embedder.MavenImpl.decryptPassword(MavenImpl.java:547) ~[org.eclipse.m2e.core_1.7.0.20160603-1933.jar:na]
	at org.eclipse.m2e.core.internal.repository.RepositoryRegistry.getAuthenticationInfo(RepositoryRegistry.java:214) [org.eclipse.m2e.core_1.7.0.20160603-1933.jar:na]
	at org.eclipse.m2e.core.internal.repository.RepositoryRegistry.updateRegistry(RepositoryRegistry.java:258) [org.eclipse.m2e.core_1.7.0.20160603-1933.jar:na]
	at org.eclipse.m2e.core.internal.repository.RepositoryRegistryUpdateJob.run(RepositoryRegistryUpdateJob.java:47) [org.eclipse.m2e.core_1.7.0.20160603-1933.jar:na]
	at org.eclipse.core.internal.jobs.Worker.run(Worker.java:55) [org.eclipse.core.jobs_3.8.0.v20160509-0411.jar:na]
Caused by: org.sonatype.plexus.components.sec.dispatcher.SecDispatcherException: java.io.FileNotFoundException: C:\Users\BBGIHV7\.m2\settings-security.xml (The system cannot find the file specified)
	at org.sonatype.plexus.components.sec.dispatcher.SecUtil.read(SecUtil.java:69) ~[plexus-sec-dispatcher-1.3.jar:na]
	at org.sonatype.plexus.components.sec.dispatcher.DefaultSecDispatcher.getSec(DefaultSecDispatcher.java:206) ~[plexus-sec-dispatcher-1.3.jar:na]
	at org.sonatype.plexus.components.sec.dispatcher.DefaultSecDispatcher.decrypt(DefaultSecDispatcher.java:90) ~[plexus-sec-dispatcher-1.3.jar:na]
	... 7 common frames omitted
Caused by: java.io.FileNotFoundException: C:\Users\BBGIHV7\.m2\settings-security.xml (The system cannot find the file specified)
	at java.io.FileInputStream.open0(Native Method) ~[na:1.8.0_101]
	at java.io.FileInputStream.open(Unknown Source) ~[na:1.8.0_101]
	at java.io.FileInputStream.<init>(Unknown Source) ~[na:1.8.0_101]
	at org.sonatype.plexus.components.sec.dispatcher.SecUtil.toStream(SecUtil.java:100) ~[plexus-sec-dispatcher-1.3.jar:na]
	at org.sonatype.plexus.components.sec.dispatcher.SecUtil.read(SecUtil.java:56) ~[plexus-sec-dispatcher-1.3.jar:na]
	... 9 common frames omitted
2017-01-09 08:15:27,764 [Worker-8] WARN  o.e.m.c.internal.embedder.MavenImpl - Failed to decrypt password for server taspo-snapshots: org.sonatype.plexus.components.sec.dispatcher.SecDispatcherException: java.io.FileNotFoundException: C:\Users\BBGIHV7\.m2\settings-security.xml (The system cannot find the file specified)
org.sonatype.plexus.components.sec.dispatcher.SecDispatcherException: org.sonatype.plexus.components.sec.dispatcher.SecDispatcherException: java.io.FileNotFoundException: C:\Users\BBGIHV7\.m2\settings-security.xml (The system cannot find the file specified)
	at org.sonatype.plexus.components.sec.dispatcher.DefaultSecDispatcher.decrypt(DefaultSecDispatcher.java:121) ~[plexus-sec-dispatcher-1.3.jar:na]
	at org.apache.maven.settings.crypto.DefaultSettingsDecrypter.decrypt(DefaultSettingsDecrypter.java:107) ~[maven-settings-builder-3.3.9.jar:3.3.9]
	at org.apache.maven.settings.crypto.DefaultSettingsDecrypter.decrypt(DefaultSettingsDecrypter.java:63) ~[maven-settings-builder-3.3.9.jar:3.3.9]
	at org.eclipse.m2e.core.internal.embedder.MavenImpl.decryptPassword(MavenImpl.java:547) ~[org.eclipse.m2e.core_1.7.0.20160603-1933.jar:na]
	at org.eclipse.m2e.core.internal.repository.RepositoryRegistry.getAuthenticationInfo(RepositoryRegistry.java:214) [org.eclipse.m2e.core_1.7.0.20160603-1933.jar:na]
	at org.eclipse.m2e.core.internal.repository.RepositoryRegistry.updateRegistry(RepositoryRegistry.java:258) [org.eclipse.m2e.core_1.7.0.20160603-1933.jar:na]
	at org.eclipse.m2e.core.internal.repository.RepositoryRegistryUpdateJob.run(RepositoryRegistryUpdateJob.java:47) [org.eclipse.m2e.core_1.7.0.20160603-1933.jar:na]
	at org.eclipse.core.internal.jobs.Worker.run(Worker.java:55) [org.eclipse.core.jobs_3.8.0.v20160509-0411.jar:na]
Caused by: org.sonatype.plexus.components.sec.dispatcher.SecDispatcherException: java.io.FileNotFoundException: C:\Users\BBGIHV7\.m2\settings-security.xml (The system cannot find the file specified)
	at org.sonatype.plexus.components.sec.dispatcher.SecUtil.read(SecUtil.java:69) ~[plexus-sec-dispatcher-1.3.jar:na]
	at org.sonatype.plexus.components.sec.dispatcher.DefaultSecDispatcher.getSec(DefaultSecDispatcher.java:206) ~[plexus-sec-dispatcher-1.3.jar:na]
	at org.sonatype.plexus.components.sec.dispatcher.DefaultSecDispatcher.decrypt(DefaultSecDispatcher.java:90) ~[plexus-sec-dispatcher-1.3.jar:na]
	... 7 common frames omitted
Caused by: java.io.FileNotFoundException: C:\Users\BBGIHV7\.m2\settings-security.xml (The system cannot find the file specified)
	at java.io.FileInputStream.open0(Native Method) ~[na:1.8.0_101]
	at java.io.FileInputStream.open(Unknown Source) ~[na:1.8.0_101]
	at java.io.FileInputStream.<init>(Unknown Source) ~[na:1.8.0_101]
	at org.sonatype.plexus.components.sec.dispatcher.SecUtil.toStream(SecUtil.java:100) ~[plexus-sec-dispatcher-1.3.jar:na]
	at org.sonatype.plexus.components.sec.dispatcher.SecUtil.read(SecUtil.java:56) ~[plexus-sec-dispatcher-1.3.jar:na]
	... 9 common frames omitted
2017-01-11 08:07:11,237 [Worker-10] WARN  o.e.m.c.internal.embedder.MavenImpl - Failed to decrypt password for server taspo-releases: org.sonatype.plexus.components.sec.dispatcher.SecDispatcherException: java.io.FileNotFoundException: C:\Users\BBGIHV7\.m2\settings-security.xml (The system cannot find the file specified)
org.sonatype.plexus.components.sec.dispatcher.SecDispatcherException: org.sonatype.plexus.components.sec.dispatcher.SecDispatcherException: java.io.FileNotFoundException: C:\Users\BBGIHV7\.m2\settings-security.xml (The system cannot find the file specified)
	at org.sonatype.plexus.components.sec.dispatcher.DefaultSecDispatcher.decrypt(DefaultSecDispatcher.java:121) ~[plexus-sec-dispatcher-1.3.jar:na]
	at org.apache.maven.settings.crypto.DefaultSettingsDecrypter.decrypt(DefaultSettingsDecrypter.java:107) ~[maven-settings-builder-3.3.9.jar:3.3.9]
	at org.apache.maven.settings.crypto.DefaultSettingsDecrypter.decrypt(DefaultSettingsDecrypter.java:63) ~[maven-settings-builder-3.3.9.jar:3.3.9]
	at org.eclipse.m2e.core.internal.embedder.MavenImpl.decryptPassword(MavenImpl.java:547) ~[org.eclipse.m2e.core_1.7.0.20160603-1933.jar:na]
	at org.eclipse.m2e.core.internal.repository.RepositoryRegistry.getAuthenticationInfo(RepositoryRegistry.java:214) [org.eclipse.m2e.core_1.7.0.20160603-1933.jar:na]
	at org.eclipse.m2e.core.internal.repository.RepositoryRegistry.updateRegistry(RepositoryRegistry.java:258) [org.eclipse.m2e.core_1.7.0.20160603-1933.jar:na]
	at org.eclipse.m2e.core.internal.repository.RepositoryRegistryUpdateJob.run(RepositoryRegistryUpdateJob.java:47) [org.eclipse.m2e.core_1.7.0.20160603-1933.jar:na]
	at org.eclipse.core.internal.jobs.Worker.run(Worker.java:55) [org.eclipse.core.jobs_3.8.0.v20160509-0411.jar:na]
Caused by: org.sonatype.plexus.components.sec.dispatcher.SecDispatcherException: java.io.FileNotFoundException: C:\Users\BBGIHV7\.m2\settings-security.xml (The system cannot find the file specified)
	at org.sonatype.plexus.components.sec.dispatcher.SecUtil.read(SecUtil.java:69) ~[plexus-sec-dispatcher-1.3.jar:na]
	at org.sonatype.plexus.components.sec.dispatcher.DefaultSecDispatcher.getSec(DefaultSecDispatcher.java:206) ~[plexus-sec-dispatcher-1.3.jar:na]
	at org.sonatype.plexus.components.sec.dispatcher.DefaultSecDispatcher.decrypt(DefaultSecDispatcher.java:90) ~[plexus-sec-dispatcher-1.3.jar:na]
	... 7 common frames omitted
Caused by: java.io.FileNotFoundException: C:\Users\BBGIHV7\.m2\settings-security.xml (The system cannot find the file specified)
	at java.io.FileInputStream.open0(Native Method) ~[na:1.8.0_101]
	at java.io.FileInputStream.open(Unknown Source) ~[na:1.8.0_101]
	at java.io.FileInputStream.<init>(Unknown Source) ~[na:1.8.0_101]
	at org.sonatype.plexus.components.sec.dispatcher.SecUtil.toStream(SecUtil.java:100) ~[plexus-sec-dispatcher-1.3.jar:na]
	at org.sonatype.plexus.components.sec.dispatcher.SecUtil.read(SecUtil.java:56) ~[plexus-sec-dispatcher-1.3.jar:na]
	... 9 common frames omitted
2017-01-11 08:07:11,264 [Worker-10] WARN  o.e.m.c.internal.embedder.MavenImpl - Failed to decrypt password for server taspo-snapshots: org.sonatype.plexus.components.sec.dispatcher.SecDispatcherException: java.io.FileNotFoundException: C:\Users\BBGIHV7\.m2\settings-security.xml (The system cannot find the file specified)
org.sonatype.plexus.components.sec.dispatcher.SecDispatcherException: org.sonatype.plexus.components.sec.dispatcher.SecDispatcherException: java.io.FileNotFoundException: C:\Users\BBGIHV7\.m2\settings-security.xml (The system cannot find the file specified)
	at org.sonatype.plexus.components.sec.dispatcher.DefaultSecDispatcher.decrypt(DefaultSecDispatcher.java:121) ~[plexus-sec-dispatcher-1.3.jar:na]
	at org.apache.maven.settings.crypto.DefaultSettingsDecrypter.decrypt(DefaultSettingsDecrypter.java:107) ~[maven-settings-builder-3.3.9.jar:3.3.9]
	at org.apache.maven.settings.crypto.DefaultSettingsDecrypter.decrypt(DefaultSettingsDecrypter.java:63) ~[maven-settings-builder-3.3.9.jar:3.3.9]
	at org.eclipse.m2e.core.internal.embedder.MavenImpl.decryptPassword(MavenImpl.java:547) ~[org.eclipse.m2e.core_1.7.0.20160603-1933.jar:na]
	at org.eclipse.m2e.core.internal.repository.RepositoryRegistry.getAuthenticationInfo(RepositoryRegistry.java:214) [org.eclipse.m2e.core_1.7.0.20160603-1933.jar:na]
	at org.eclipse.m2e.core.internal.repository.RepositoryRegistry.updateRegistry(RepositoryRegistry.java:258) [org.eclipse.m2e.core_1.7.0.20160603-1933.jar:na]
	at org.eclipse.m2e.core.internal.repository.RepositoryRegistryUpdateJob.run(RepositoryRegistryUpdateJob.java:47) [org.eclipse.m2e.core_1.7.0.20160603-1933.jar:na]
	at org.eclipse.core.internal.jobs.Worker.run(Worker.java:55) [org.eclipse.core.jobs_3.8.0.v20160509-0411.jar:na]
Caused by: org.sonatype.plexus.components.sec.dispatcher.SecDispatcherException: java.io.FileNotFoundException: C:\Users\BBGIHV7\.m2\settings-security.xml (The system cannot find the file specified)
	at org.sonatype.plexus.components.sec.dispatcher.SecUtil.read(SecUtil.java:69) ~[plexus-sec-dispatcher-1.3.jar:na]
	at org.sonatype.plexus.components.sec.dispatcher.DefaultSecDispatcher.getSec(DefaultSecDispatcher.java:206) ~[plexus-sec-dispatcher-1.3.jar:na]
	at org.sonatype.plexus.components.sec.dispatcher.DefaultSecDispatcher.decrypt(DefaultSecDispatcher.java:90) ~[plexus-sec-dispatcher-1.3.jar:na]
	... 7 common frames omitted
Caused by: java.io.FileNotFoundException: C:\Users\BBGIHV7\.m2\settings-security.xml (The system cannot find the file specified)
	at java.io.FileInputStream.open0(Native Method) ~[na:1.8.0_101]
	at java.io.FileInputStream.open(Unknown Source) ~[na:1.8.0_101]
	at java.io.FileInputStream.<init>(Unknown Source) ~[na:1.8.0_101]
	at org.sonatype.plexus.components.sec.dispatcher.SecUtil.toStream(SecUtil.java:100) ~[plexus-sec-dispatcher-1.3.jar:na]
	at org.sonatype.plexus.components.sec.dispatcher.SecUtil.read(SecUtil.java:56) ~[plexus-sec-dispatcher-1.3.jar:na]
	... 9 common frames omitted
2017-01-11 14:09:20,552 [Worker-9] WARN  o.e.m.c.internal.embedder.MavenImpl - Failed to decrypt password for server taspo-releases: org.sonatype.plexus.components.sec.dispatcher.SecDispatcherException: java.io.FileNotFoundException: C:\Users\BBGIHV7\.m2\settings-security.xml (The system cannot find the file specified)
org.sonatype.plexus.components.sec.dispatcher.SecDispatcherException: org.sonatype.plexus.components.sec.dispatcher.SecDispatcherException: java.io.FileNotFoundException: C:\Users\BBGIHV7\.m2\settings-security.xml (The system cannot find the file specified)
	at org.sonatype.plexus.components.sec.dispatcher.DefaultSecDispatcher.decrypt(DefaultSecDispatcher.java:121) ~[plexus-sec-dispatcher-1.3.jar:na]
	at org.apache.maven.settings.crypto.DefaultSettingsDecrypter.decrypt(DefaultSettingsDecrypter.java:107) ~[maven-settings-builder-3.3.9.jar:3.3.9]
	at org.apache.maven.settings.crypto.DefaultSettingsDecrypter.decrypt(DefaultSettingsDecrypter.java:63) ~[maven-settings-builder-3.3.9.jar:3.3.9]
	at org.eclipse.m2e.core.internal.embedder.MavenImpl.decryptPassword(MavenImpl.java:547) ~[org.eclipse.m2e.core_1.7.0.20160603-1933.jar:na]
	at org.eclipse.m2e.core.internal.repository.RepositoryRegistry.getAuthenticationInfo(RepositoryRegistry.java:214) [org.eclipse.m2e.core_1.7.0.20160603-1933.jar:na]
	at org.eclipse.m2e.core.internal.repository.RepositoryRegistry.updateRegistry(RepositoryRegistry.java:258) [org.eclipse.m2e.core_1.7.0.20160603-1933.jar:na]
	at org.eclipse.m2e.core.internal.repository.RepositoryRegistryUpdateJob.run(RepositoryRegistryUpdateJob.java:47) [org.eclipse.m2e.core_1.7.0.20160603-1933.jar:na]
	at org.eclipse.core.internal.jobs.Worker.run(Worker.java:55) [org.eclipse.core.jobs_3.8.0.v20160509-0411.jar:na]
Caused by: org.sonatype.plexus.components.sec.dispatcher.SecDispatcherException: java.io.FileNotFoundException: C:\Users\BBGIHV7\.m2\settings-security.xml (The system cannot find the file specified)
	at org.sonatype.plexus.components.sec.dispatcher.SecUtil.read(SecUtil.java:69) ~[plexus-sec-dispatcher-1.3.jar:na]
	at org.sonatype.plexus.components.sec.dispatcher.DefaultSecDispatcher.getSec(DefaultSecDispatcher.java:206) ~[plexus-sec-dispatcher-1.3.jar:na]
	at org.sonatype.plexus.components.sec.dispatcher.DefaultSecDispatcher.decrypt(DefaultSecDispatcher.java:90) ~[plexus-sec-dispatcher-1.3.jar:na]
	... 7 common frames omitted
Caused by: java.io.FileNotFoundException: C:\Users\BBGIHV7\.m2\settings-security.xml (The system cannot find the file specified)
	at java.io.FileInputStream.open0(Native Method) ~[na:1.8.0_101]
	at java.io.FileInputStream.open(Unknown Source) ~[na:1.8.0_101]
	at java.io.FileInputStream.<init>(Unknown Source) ~[na:1.8.0_101]
	at org.sonatype.plexus.components.sec.dispatcher.SecUtil.toStream(SecUtil.java:100) ~[plexus-sec-dispatcher-1.3.jar:na]
	at org.sonatype.plexus.components.sec.dispatcher.SecUtil.read(SecUtil.java:56) ~[plexus-sec-dispatcher-1.3.jar:na]
	... 9 common frames omitted
2017-01-11 14:09:20,598 [Worker-9] WARN  o.e.m.c.internal.embedder.MavenImpl - Failed to decrypt password for server taspo-snapshots: org.sonatype.plexus.components.sec.dispatcher.SecDispatcherException: java.io.FileNotFoundException: C:\Users\BBGIHV7\.m2\settings-security.xml (The system cannot find the file specified)
org.sonatype.plexus.components.sec.dispatcher.SecDispatcherException: org.sonatype.plexus.components.sec.dispatcher.SecDispatcherException: java.io.FileNotFoundException: C:\Users\BBGIHV7\.m2\settings-security.xml (The system cannot find the file specified)
	at org.sonatype.plexus.components.sec.dispatcher.DefaultSecDispatcher.decrypt(DefaultSecDispatcher.java:121) ~[plexus-sec-dispatcher-1.3.jar:na]
	at org.apache.maven.settings.crypto.DefaultSettingsDecrypter.decrypt(DefaultSettingsDecrypter.java:107) ~[maven-settings-builder-3.3.9.jar:3.3.9]
	at org.apache.maven.settings.crypto.DefaultSettingsDecrypter.decrypt(DefaultSettingsDecrypter.java:63) ~[maven-settings-builder-3.3.9.jar:3.3.9]
	at org.eclipse.m2e.core.internal.embedder.MavenImpl.decryptPassword(MavenImpl.java:547) ~[org.eclipse.m2e.core_1.7.0.20160603-1933.jar:na]
	at org.eclipse.m2e.core.internal.repository.RepositoryRegistry.getAuthenticationInfo(RepositoryRegistry.java:214) [org.eclipse.m2e.core_1.7.0.20160603-1933.jar:na]
	at org.eclipse.m2e.core.internal.repository.RepositoryRegistry.updateRegistry(RepositoryRegistry.java:258) [org.eclipse.m2e.core_1.7.0.20160603-1933.jar:na]
	at org.eclipse.m2e.core.internal.repository.RepositoryRegistryUpdateJob.run(RepositoryRegistryUpdateJob.java:47) [org.eclipse.m2e.core_1.7.0.20160603-1933.jar:na]
	at org.eclipse.core.internal.jobs.Worker.run(Worker.java:55) [org.eclipse.core.jobs_3.8.0.v20160509-0411.jar:na]
Caused by: org.sonatype.plexus.components.sec.dispatcher.SecDispatcherException: java.io.FileNotFoundException: C:\Users\BBGIHV7\.m2\settings-security.xml (The system cannot find the file specified)
	at org.sonatype.plexus.components.sec.dispatcher.SecUtil.read(SecUtil.java:69) ~[plexus-sec-dispatcher-1.3.jar:na]
	at org.sonatype.plexus.components.sec.dispatcher.DefaultSecDispatcher.getSec(DefaultSecDispatcher.java:206) ~[plexus-sec-dispatcher-1.3.jar:na]
	at org.sonatype.plexus.components.sec.dispatcher.DefaultSecDispatcher.decrypt(DefaultSecDispatcher.java:90) ~[plexus-sec-dispatcher-1.3.jar:na]
	... 7 common frames omitted
Caused by: java.io.FileNotFoundException: C:\Users\BBGIHV7\.m2\settings-security.xml (The system cannot find the file specified)
	at java.io.FileInputStream.open0(Native Method) ~[na:1.8.0_101]
	at java.io.FileInputStream.open(Unknown Source) ~[na:1.8.0_101]
	at java.io.FileInputStream.<init>(Unknown Source) ~[na:1.8.0_101]
	at org.sonatype.plexus.components.sec.dispatcher.SecUtil.toStream(SecUtil.java:100) ~[plexus-sec-dispatcher-1.3.jar:na]
	at org.sonatype.plexus.components.sec.dispatcher.SecUtil.read(SecUtil.java:56) ~[plexus-sec-dispatcher-1.3.jar:na]
	... 9 common frames omitted
2017-01-22 11:41:58,064 [Worker-5] WARN  o.e.m.c.internal.embedder.MavenImpl - Failed to decrypt password for server taspo-releases: org.sonatype.plexus.components.sec.dispatcher.SecDispatcherException: java.io.FileNotFoundException: C:\Users\BBGIHV7\.m2\settings-security.xml (The system cannot find the file specified)
org.sonatype.plexus.components.sec.dispatcher.SecDispatcherException: org.sonatype.plexus.components.sec.dispatcher.SecDispatcherException: java.io.FileNotFoundException: C:\Users\BBGIHV7\.m2\settings-security.xml (The system cannot find the file specified)
	at org.sonatype.plexus.components.sec.dispatcher.DefaultSecDispatcher.decrypt(DefaultSecDispatcher.java:121) ~[plexus-sec-dispatcher-1.3.jar:na]
	at org.apache.maven.settings.crypto.DefaultSettingsDecrypter.decrypt(DefaultSettingsDecrypter.java:107) ~[maven-settings-builder-3.3.9.jar:3.3.9]
	at org.apache.maven.settings.crypto.DefaultSettingsDecrypter.decrypt(DefaultSettingsDecrypter.java:63) ~[maven-settings-builder-3.3.9.jar:3.3.9]
	at org.eclipse.m2e.core.internal.embedder.MavenImpl.decryptPassword(MavenImpl.java:547) ~[org.eclipse.m2e.core_1.7.0.20160603-1933.jar:na]
	at org.eclipse.m2e.core.internal.repository.RepositoryRegistry.getAuthenticationInfo(RepositoryRegistry.java:214) [org.eclipse.m2e.core_1.7.0.20160603-1933.jar:na]
	at org.eclipse.m2e.core.internal.repository.RepositoryRegistry.updateRegistry(RepositoryRegistry.java:258) [org.eclipse.m2e.core_1.7.0.20160603-1933.jar:na]
	at org.eclipse.m2e.core.internal.repository.RepositoryRegistryUpdateJob.run(RepositoryRegistryUpdateJob.java:47) [org.eclipse.m2e.core_1.7.0.20160603-1933.jar:na]
	at org.eclipse.core.internal.jobs.Worker.run(Worker.java:55) [org.eclipse.core.jobs_3.8.0.v20160509-0411.jar:na]
Caused by: org.sonatype.plexus.components.sec.dispatcher.SecDispatcherException: java.io.FileNotFoundException: C:\Users\BBGIHV7\.m2\settings-security.xml (The system cannot find the file specified)
	at org.sonatype.plexus.components.sec.dispatcher.SecUtil.read(SecUtil.java:69) ~[plexus-sec-dispatcher-1.3.jar:na]
	at org.sonatype.plexus.components.sec.dispatcher.DefaultSecDispatcher.getSec(DefaultSecDispatcher.java:206) ~[plexus-sec-dispatcher-1.3.jar:na]
	at org.sonatype.plexus.components.sec.dispatcher.DefaultSecDispatcher.decrypt(DefaultSecDispatcher.java:90) ~[plexus-sec-dispatcher-1.3.jar:na]
	... 7 common frames omitted
Caused by: java.io.FileNotFoundException: C:\Users\BBGIHV7\.m2\settings-security.xml (The system cannot find the file specified)
	at java.io.FileInputStream.open0(Native Method) ~[na:1.8.0_101]
	at java.io.FileInputStream.open(Unknown Source) ~[na:1.8.0_101]
	at java.io.FileInputStream.<init>(Unknown Source) ~[na:1.8.0_101]
	at org.sonatype.plexus.components.sec.dispatcher.SecUtil.toStream(SecUtil.java:100) ~[plexus-sec-dispatcher-1.3.jar:na]
	at org.sonatype.plexus.components.sec.dispatcher.SecUtil.read(SecUtil.java:56) ~[plexus-sec-dispatcher-1.3.jar:na]
	... 9 common frames omitted
2017-01-22 11:41:58,100 [Worker-5] WARN  o.e.m.c.internal.embedder.MavenImpl - Failed to decrypt password for server taspo-snapshots: org.sonatype.plexus.components.sec.dispatcher.SecDispatcherException: java.io.FileNotFoundException: C:\Users\BBGIHV7\.m2\settings-security.xml (The system cannot find the file specified)
org.sonatype.plexus.components.sec.dispatcher.SecDispatcherException: org.sonatype.plexus.components.sec.dispatcher.SecDispatcherException: java.io.FileNotFoundException: C:\Users\BBGIHV7\.m2\settings-security.xml (The system cannot find the file specified)
	at org.sonatype.plexus.components.sec.dispatcher.DefaultSecDispatcher.decrypt(DefaultSecDispatcher.java:121) ~[plexus-sec-dispatcher-1.3.jar:na]
	at org.apache.maven.settings.crypto.DefaultSettingsDecrypter.decrypt(DefaultSettingsDecrypter.java:107) ~[maven-settings-builder-3.3.9.jar:3.3.9]
	at org.apache.maven.settings.crypto.DefaultSettingsDecrypter.decrypt(DefaultSettingsDecrypter.java:63) ~[maven-settings-builder-3.3.9.jar:3.3.9]
	at org.eclipse.m2e.core.internal.embedder.MavenImpl.decryptPassword(MavenImpl.java:547) ~[org.eclipse.m2e.core_1.7.0.20160603-1933.jar:na]
	at org.eclipse.m2e.core.internal.repository.RepositoryRegistry.getAuthenticationInfo(RepositoryRegistry.java:214) [org.eclipse.m2e.core_1.7.0.20160603-1933.jar:na]
	at org.eclipse.m2e.core.internal.repository.RepositoryRegistry.updateRegistry(RepositoryRegistry.java:258) [org.eclipse.m2e.core_1.7.0.20160603-1933.jar:na]
	at org.eclipse.m2e.core.internal.repository.RepositoryRegistryUpdateJob.run(RepositoryRegistryUpdateJob.java:47) [org.eclipse.m2e.core_1.7.0.20160603-1933.jar:na]
	at org.eclipse.core.internal.jobs.Worker.run(Worker.java:55) [org.eclipse.core.jobs_3.8.0.v20160509-0411.jar:na]
Caused by: org.sonatype.plexus.components.sec.dispatcher.SecDispatcherException: java.io.FileNotFoundException: C:\Users\BBGIHV7\.m2\settings-security.xml (The system cannot find the file specified)
	at org.sonatype.plexus.components.sec.dispatcher.SecUtil.read(SecUtil.java:69) ~[plexus-sec-dispatcher-1.3.jar:na]
	at org.sonatype.plexus.components.sec.dispatcher.DefaultSecDispatcher.getSec(DefaultSecDispatcher.java:206) ~[plexus-sec-dispatcher-1.3.jar:na]
	at org.sonatype.plexus.components.sec.dispatcher.DefaultSecDispatcher.decrypt(DefaultSecDispatcher.java:90) ~[plexus-sec-dispatcher-1.3.jar:na]
	... 7 common frames omitted
Caused by: java.io.FileNotFoundException: C:\Users\BBGIHV7\.m2\settings-security.xml (The system cannot find the file specified)
	at java.io.FileInputStream.open0(Native Method) ~[na:1.8.0_101]
	at java.io.FileInputStream.open(Unknown Source) ~[na:1.8.0_101]
	at java.io.FileInputStream.<init>(Unknown Source) ~[na:1.8.0_101]
	at org.sonatype.plexus.components.sec.dispatcher.SecUtil.toStream(SecUtil.java:100) ~[plexus-sec-dispatcher-1.3.jar:na]
	at org.sonatype.plexus.components.sec.dispatcher.SecUtil.read(SecUtil.java:56) ~[plexus-sec-dispatcher-1.3.jar:na]
	... 9 common frames omitted
2017-01-28 07:42:22,278 [Worker-9] WARN  o.e.m.c.internal.embedder.MavenImpl - Failed to decrypt password for server taspo-releases: org.sonatype.plexus.components.sec.dispatcher.SecDispatcherException: java.io.FileNotFoundException: C:\Users\BBGIHV7\.m2\settings-security.xml (The system cannot find the file specified)
org.sonatype.plexus.components.sec.dispatcher.SecDispatcherException: org.sonatype.plexus.components.sec.dispatcher.SecDispatcherException: java.io.FileNotFoundException: C:\Users\BBGIHV7\.m2\settings-security.xml (The system cannot find the file specified)
	at org.sonatype.plexus.components.sec.dispatcher.DefaultSecDispatcher.decrypt(DefaultSecDispatcher.java:121) ~[plexus-sec-dispatcher-1.3.jar:na]
	at org.apache.maven.settings.crypto.DefaultSettingsDecrypter.decrypt(DefaultSettingsDecrypter.java:107) ~[maven-settings-builder-3.3.9.jar:3.3.9]
	at org.apache.maven.settings.crypto.DefaultSettingsDecrypter.decrypt(DefaultSettingsDecrypter.java:63) ~[maven-settings-builder-3.3.9.jar:3.3.9]
	at org.eclipse.m2e.core.internal.embedder.MavenImpl.decryptPassword(MavenImpl.java:547) ~[org.eclipse.m2e.core_1.7.0.20160603-1933.jar:na]
	at org.eclipse.m2e.core.internal.repository.RepositoryRegistry.getAuthenticationInfo(RepositoryRegistry.java:214) [org.eclipse.m2e.core_1.7.0.20160603-1933.jar:na]
	at org.eclipse.m2e.core.internal.repository.RepositoryRegistry.updateRegistry(RepositoryRegistry.java:258) [org.eclipse.m2e.core_1.7.0.20160603-1933.jar:na]
	at org.eclipse.m2e.core.internal.repository.RepositoryRegistryUpdateJob.run(RepositoryRegistryUpdateJob.java:47) [org.eclipse.m2e.core_1.7.0.20160603-1933.jar:na]
	at org.eclipse.core.internal.jobs.Worker.run(Worker.java:55) [org.eclipse.core.jobs_3.8.0.v20160509-0411.jar:na]
Caused by: org.sonatype.plexus.components.sec.dispatcher.SecDispatcherException: java.io.FileNotFoundException: C:\Users\BBGIHV7\.m2\settings-security.xml (The system cannot find the file specified)
	at org.sonatype.plexus.components.sec.dispatcher.SecUtil.read(SecUtil.java:69) ~[plexus-sec-dispatcher-1.3.jar:na]
	at org.sonatype.plexus.components.sec.dispatcher.DefaultSecDispatcher.getSec(DefaultSecDispatcher.java:206) ~[plexus-sec-dispatcher-1.3.jar:na]
	at org.sonatype.plexus.components.sec.dispatcher.DefaultSecDispatcher.decrypt(DefaultSecDispatcher.java:90) ~[plexus-sec-dispatcher-1.3.jar:na]
	... 7 common frames omitted
Caused by: java.io.FileNotFoundException: C:\Users\BBGIHV7\.m2\settings-security.xml (The system cannot find the file specified)
	at java.io.FileInputStream.open0(Native Method) ~[na:1.8.0_101]
	at java.io.FileInputStream.open(Unknown Source) ~[na:1.8.0_101]
	at java.io.FileInputStream.<init>(Unknown Source) ~[na:1.8.0_101]
	at org.sonatype.plexus.components.sec.dispatcher.SecUtil.toStream(SecUtil.java:100) ~[plexus-sec-dispatcher-1.3.jar:na]
	at org.sonatype.plexus.components.sec.dispatcher.SecUtil.read(SecUtil.java:56) ~[plexus-sec-dispatcher-1.3.jar:na]
	... 9 common frames omitted
2017-01-28 07:42:22,298 [Worker-9] WARN  o.e.m.c.internal.embedder.MavenImpl - Failed to decrypt password for server taspo-snapshots: org.sonatype.plexus.components.sec.dispatcher.SecDispatcherException: java.io.FileNotFoundException: C:\Users\BBGIHV7\.m2\settings-security.xml (The system cannot find the file specified)
org.sonatype.plexus.components.sec.dispatcher.SecDispatcherException: org.sonatype.plexus.components.sec.dispatcher.SecDispatcherException: java.io.FileNotFoundException: C:\Users\BBGIHV7\.m2\settings-security.xml (The system cannot find the file specified)
	at org.sonatype.plexus.components.sec.dispatcher.DefaultSecDispatcher.decrypt(DefaultSecDispatcher.java:121) ~[plexus-sec-dispatcher-1.3.jar:na]
	at org.apache.maven.settings.crypto.DefaultSettingsDecrypter.decrypt(DefaultSettingsDecrypter.java:107) ~[maven-settings-builder-3.3.9.jar:3.3.9]
	at org.apache.maven.settings.crypto.DefaultSettingsDecrypter.decrypt(DefaultSettingsDecrypter.java:63) ~[maven-settings-builder-3.3.9.jar:3.3.9]
	at org.eclipse.m2e.core.internal.embedder.MavenImpl.decryptPassword(MavenImpl.java:547) ~[org.eclipse.m2e.core_1.7.0.20160603-1933.jar:na]
	at org.eclipse.m2e.core.internal.repository.RepositoryRegistry.getAuthenticationInfo(RepositoryRegistry.java:214) [org.eclipse.m2e.core_1.7.0.20160603-1933.jar:na]
	at org.eclipse.m2e.core.internal.repository.RepositoryRegistry.updateRegistry(RepositoryRegistry.java:258) [org.eclipse.m2e.core_1.7.0.20160603-1933.jar:na]
	at org.eclipse.m2e.core.internal.repository.RepositoryRegistryUpdateJob.run(RepositoryRegistryUpdateJob.java:47) [org.eclipse.m2e.core_1.7.0.20160603-1933.jar:na]
	at org.eclipse.core.internal.jobs.Worker.run(Worker.java:55) [org.eclipse.core.jobs_3.8.0.v20160509-0411.jar:na]
Caused by: org.sonatype.plexus.components.sec.dispatcher.SecDispatcherException: java.io.FileNotFoundException: C:\Users\BBGIHV7\.m2\settings-security.xml (The system cannot find the file specified)
	at org.sonatype.plexus.components.sec.dispatcher.SecUtil.read(SecUtil.java:69) ~[plexus-sec-dispatcher-1.3.jar:na]
	at org.sonatype.plexus.components.sec.dispatcher.DefaultSecDispatcher.getSec(DefaultSecDispatcher.java:206) ~[plexus-sec-dispatcher-1.3.jar:na]
	at org.sonatype.plexus.components.sec.dispatcher.DefaultSecDispatcher.decrypt(DefaultSecDispatcher.java:90) ~[plexus-sec-dispatcher-1.3.jar:na]
	... 7 common frames omitted
Caused by: java.io.FileNotFoundException: C:\Users\BBGIHV7\.m2\settings-security.xml (The system cannot find the file specified)
	at java.io.FileInputStream.open0(Native Method) ~[na:1.8.0_101]
	at java.io.FileInputStream.open(Unknown Source) ~[na:1.8.0_101]
	at java.io.FileInputStream.<init>(Unknown Source) ~[na:1.8.0_101]
	at org.sonatype.plexus.components.sec.dispatcher.SecUtil.toStream(SecUtil.java:100) ~[plexus-sec-dispatcher-1.3.jar:na]
	at org.sonatype.plexus.components.sec.dispatcher.SecUtil.read(SecUtil.java:56) ~[plexus-sec-dispatcher-1.3.jar:na]
	... 9 common frames omitted
